<?xml version="1.0" encoding="UTF-8"?>
<!-- Generated by org.testng.reporters.JUnitReportReporter -->
<testsuite hostname="Aman-PC01" failures="0" tests="1" name="com.searchengine.tests.YahooSearchEngineTest" time="5.969" errors="0" timestamp="2024-02-03T02:45:26 EST" skipped="0">
  <testcase classname="com.searchengine.tests.YahooSearchEngineTest" name="validateInputInSearchEngine" time="5.969"/>
  <system-out/>
</testsuite> <!-- com.searchengine.tests.YahooSearchEngineTest -->
